#
# There is insufficient memory for the Java Runtime Environment to continue.
# Native memory allocation (mmap) failed to map 536870912 bytes. Error detail: G1 virtual space
# Possible reasons:
#   The system is out of physical RAM or swap space
#   This process is running with CompressedOops enabled, and the Java Heap may be blocking the growth of the native heap
# Possible solutions:
#   Reduce memory load on the system
#   Increase physical memory or swap space
#   Check if swap backing store is full
#   Decrease Java heap size (-Xmx/-Xms)
#   Decrease number of Java threads
#   Decrease Java thread stack sizes (-Xss)
#   Set larger code cache with -XX:ReservedCodeCacheSize=
#   JVM is running with Zero Based Compressed Oops mode in which the Java heap is
#     placed in the first 32GB address space. The Java Heap base address is the
#     maximum limit for the native heap growth. Please use -XX:HeapBaseMinAddress
#     to set the Java Heap base and to place the Java Heap above 32GB virtual address.
# This output file may be truncated or incomplete.
#
#  Out of Memory Error (os_windows.cpp:3554), pid=38348, tid=34812
#
# JRE version:  (25.0.3+9) (build )
# Java VM: OpenJDK 64-Bit Server VM (25.0.3+9-LTS, mixed mode, sharing, tiered, compressed oops, compressed class ptrs, g1 gc, windows-amd64)
# No core dump will be written. Minidumps are not enabled by default on client versions of Windows
#

---------------  S U M M A R Y ------------

Command Line: -Dstderr.encoding=UTF-8 -Dstdout.encoding=UTF-8 -Dfile.encoding=UTF-8 -Duser.country=US -Duser.language=en -Duser.variant C:\Users\Louka\.gradle\caches\modules-2\files-2.1\net.neoforged\neoform-runtime\2.0.18\af5a11e64f209ac5909434ac2617b6af19a02a8d\neoform-runtime-2.0.18-all.jar --home-dir C:\Users\Louka\.gradle\caches\neoformruntime --work-dir C:\Users\Louka\Desktop\ĀĀĀĀĀ\Spectral\build\tmp\neoformruntime run --java-executable C:\Program Files\Eclipse Adoptium\jdk-25.0.3.9-hotspot\bin\java.exe --neoforge net.neoforged:neoforge:26.1.2.76:userdev --dist joined --write-result gameJar:C:\Users\Louka\Desktop\ĀĀĀĀĀ\Spectral\build\moddev\artifacts\minecraft-patched-26.1.2.76.jar --write-result gameSources:C:\Users\Louka\Desktop\ĀĀĀĀĀ\Spectral\build\moddev\artifacts\minecraft-patched-26.1.2.76-sources.jar --write-result gameJarWithSources:C:\Users\Louka\Desktop\ĀĀĀĀĀ\Spectral\build\moddev\artifacts\minecraft-patched-26.1.2.76-merged.jar --problems-report C:\Users\Louka\Desktop\ĀĀĀĀĀ\Spectral\build\tmp\createMinecraftArtifacts\nfrt-problem-report.json --artifact-manifest C:\Users\Louka\Desktop\ĀĀĀĀĀ\Spectral\build\tmp\createMinecraftArtifacts\nfrt_artifact_manifest.properties --warn-on-artifact-manifest-miss

Host: AMD Ryzen 5 5600 6-Core Processor              , 12 cores, 31G,  Windows 11 , 64 bit Build 26100 (10.0.26100.8328)
Time: Mon Jun 22 23:56:51 2026 Romance Daylight Time elapsed time: 0.018901 seconds (0d 0h 0m 0s)

---------------  T H R E A D  ---------------

Current thread (0x000001e5d281eaa0):  JavaThread "Unknown thread" [_thread_in_vm, id=34812, stack(0x0000009321100000,0x0000009321200000) (1024K)]

Stack: [0x0000009321100000,0x0000009321200000]
Native frames: (J=compiled Java code, j=interpreted, Vv=VM code, C=native code)
V  [jvm.dll+0x7aa709]  (no source info available)
V  [jvm.dll+0x7749ed]  (no source info available)
V  [jvm.dll+0x9f7433]  (no source info available)
V  [jvm.dll+0x9f9a21]  (no source info available)
V  [jvm.dll+0x9fa133]  (no source info available)
V  [jvm.dll+0x2fd266]  (no source info available)
V  [jvm.dll+0x7a6935]  (no source info available)
V  [jvm.dll+0x799d87]  (no source info available)
V  [jvm.dll+0x3f5d88]  (no source info available)
V  [jvm.dll+0x3fdcf6]  (no source info available)
V  [jvm.dll+0x3ea45e]  (no source info available)
V  [jvm.dll+0x3ea718]  (no source info available)
V  [jvm.dll+0x3c1575]  (no source info available)
V  [jvm.dll+0x3c21fe]  (no source info available)
V  [jvm.dll+0x9be2b4]  (no source info available)
V  [jvm.dll+0x45a9b2]  (no source info available)
V  [jvm.dll+0x9a20e2]  (no source info available)
V  [jvm.dll+0x4fb801]  (no source info available)
V  [jvm.dll+0x4fd0f1]  (no source info available)
C  [jli.dll+0x5406]  (no source info available)
C  [ucrtbase.dll+0x37b0]  (no source info available)
C  [KERNEL32.DLL+0x2e957]  (no source info available)
C  [ntdll.dll+0x427c]  (no source info available)

Lock stack of current Java thread (top to bottom):


---------------  P R O C E S S  ---------------

Threads class SMR info:
_java_thread_list=0x00007ffbb1d61008, length=0, elements={
}

Java Threads: ( => current thread )
Total: 0

Other Threads:
  0x000001e5d4e1a220 WorkerThread "GC Thread#0"                     [id=12196, stack(0x0000009321200000,0x0000009321300000) (1024K)]
  0x000001e5f6d98200 ConcurrentGCThread "G1 Main Marker"            [id=34724, stack(0x0000009321300000,0x0000009321400000) (1024K)]
  0x000001e5d4e1c080 WorkerThread "G1 Conc#0"                       [id=9944, stack(0x0000009321400000,0x0000009321500000) (1024K)]

[error occurred during error reporting (printing all threads), id 0xc0000005, EXCEPTION_ACCESS_VIOLATION (0xc0000005) at pc=0x00007ffbb138646a]
VM state: not at safepoint (not fully initialized)

VM Mutex/Monitor currently owned by a thread:  ([mutex/lock_event])
[0x00007ffbb1de9828] Heap_lock - owner thread: 0x000001e5d281eaa0

Heap address: 0x0000000601400000, size: 8172 MB, Compressed Oops mode: Zero based, Oop shift amount: 3

CDS archive(s) mapped at: [0x0000000000000000-0x0000000000000000-0x0000000000000000), size 0, SharedBaseAddress: 0x0000000800000000, ArchiveRelocationMode: 1.
UseCompressedClassPointers 1, UseCompactObjectHeaders 0
Narrow klass pointer bits 32, Max shift 3
Narrow klass base: 0xffffffffffffffff, Narrow klass shift: -1
Encoding Range: [0xffffffffffffffff - 0x000000007fffffff), (2147483648 bytes)
Klass Range:    [0x0000000000000000 - 0x0000000000000000), (0 bytes)
Klass ID Range:  [4294967295 - 0) (1)
No protection zone.

GC Precious Log:
 CardTable entry size: 512
 Card Set container configuration: InlinePtr #cards 4 size 8 Array Of Cards #cards 32 size 80 Howl #buckets 8 coarsen threshold 7372 Howl Bitmap #cards 1024 size 144 coarsen threshold 921 Card regions per heap region 1 cards per card region 8192

Heap:
 garbage-first heap   total reserved 8368128K, committed 0K, used 0K [0x0000000601400000, 0x0000000800000000)
  region size 4096K, 0 young (0K), 0 survivors (0K)

Heap Regions: E=young(eden), S=young(survivor), O=old, HS=humongous(starts), HC=humongous(continues), CS=collection set, F=free, TAMS=top-at-mark-start, PB=parsable bottom

Card table byte_map: [0x000001e5eddd0000,0x000001e5eedd0000] _byte_map_base: 0x000001e5eadc6000

Marking Bits: (CMBitMap*) 0x000001e5d4e1b9c0
 Bits: [0x000001e5eedd0000, 0x000001e5f6d80000)

GC Heap Usage History (0 events):
No events

Metaspace Usage History (0 events):
No events

Dll operation events (1 events):
Event: 0.013 Loaded shared library C:\Program Files\Eclipse Adoptium\jdk-25.0.3.9-hotspot\bin\java.dll

Deoptimization events (0 events):
No events

Classes loaded (0 events):
No events

Classes unloaded (0 events):
No events

Classes redefined (0 events):
No events

Internal exceptions (0 events):
No events

VM Operations (0 events):
No events

Memory protections (0 events):
No events

Nmethod flushes (0 events):
No events

Events (0 events):
No events


Dynamic libraries:
0x00007ff719630000 - 0x00007ff71963e000 	C:\Program Files\Eclipse Adoptium\jdk-25.0.3.9-hotspot\bin\java.exe
0x00007ffd61640000 - 0x00007ffd618a7000 	C:\WINDOWS\SYSTEM32\ntdll.dll
0x00007ffd60510000 - 0x00007ffd605d9000 	C:\WINDOWS\System32\KERNEL32.DLL
0x00007ffd5e280000 - 0x00007ffd5e677000 	C:\WINDOWS\System32\KERNELBASE.dll
0x00007ffd5e890000 - 0x00007ffd5e9db000 	C:\WINDOWS\System32\ucrtbase.dll
0x00007ffd327b0000 - 0x00007ffd327c6000 	C:\Program Files\Eclipse Adoptium\jdk-25.0.3.9-hotspot\bin\jli.dll
0x00007ffd24ad0000 - 0x00007ffd24aee000 	C:\Program Files\Eclipse Adoptium\jdk-25.0.3.9-hotspot\bin\VCRUNTIME140.dll
0x00007ffd60340000 - 0x00007ffd60506000 	C:\WINDOWS\System32\USER32.dll
0x00007ffd5e250000 - 0x00007ffd5e277000 	C:\WINDOWS\System32\win32u.dll
0x00007ffd43290000 - 0x00007ffd43522000 	C:\WINDOWS\WinSxS\amd64_microsoft.windows.common-controls_6595b64144ccf1df_6.0.26100.8328_none_3e08182ce334b678\COMCTL32.dll
0x00007ffd613e0000 - 0x00007ffd6140b000 	C:\WINDOWS\System32\GDI32.dll
0x00007ffd61250000 - 0x00007ffd612f9000 	C:\WINDOWS\System32\msvcrt.dll
0x00007ffd5e070000 - 0x00007ffd5e19c000 	C:\WINDOWS\System32\gdi32full.dll
0x00007ffd5e1a0000 - 0x00007ffd5e243000 	C:\WINDOWS\System32\msvcp_win.dll
0x00007ffd607b0000 - 0x00007ffd607e2000 	C:\WINDOWS\System32\IMM32.DLL
0x00007ffd3fc20000 - 0x00007ffd3fc2c000 	C:\Program Files\Eclipse Adoptium\jdk-25.0.3.9-hotspot\bin\vcruntime140_1.dll
0x00007ffbf1940000 - 0x00007ffbf19cd000 	C:\Program Files\Eclipse Adoptium\jdk-25.0.3.9-hotspot\bin\msvcp140.dll
0x00007ffbb0fb0000 - 0x00007ffbb1eda000 	C:\Program Files\Eclipse Adoptium\jdk-25.0.3.9-hotspot\bin\server\jvm.dll
0x00007ffd61540000 - 0x00007ffd615f6000 	C:\WINDOWS\System32\ADVAPI32.dll
0x00007ffd5fb50000 - 0x00007ffd5fbf7000 	C:\WINDOWS\System32\sechost.dll
0x00007ffd5f9b0000 - 0x00007ffd5fac8000 	C:\WINDOWS\System32\RPCRT4.dll
0x00007ffd602b0000 - 0x00007ffd60330000 	C:\WINDOWS\System32\WS2_32.dll
0x00007ffd5ded0000 - 0x00007ffd5df2e000 	C:\WINDOWS\SYSTEM32\POWRPROF.dll
0x00007ffd4f3c0000 - 0x00007ffd4f3f6000 	C:\WINDOWS\SYSTEM32\WINMM.dll
0x00007ffd57630000 - 0x00007ffd5763b000 	C:\WINDOWS\SYSTEM32\VERSION.dll
0x00007ffd5deb0000 - 0x00007ffd5dec4000 	C:\WINDOWS\SYSTEM32\UMPDC.dll
0x00007ffd5ce00000 - 0x00007ffd5ce1b000 	C:\WINDOWS\SYSTEM32\kernel.appcore.dll
0x00007ffd3f860000 - 0x00007ffd3f86a000 	C:\Program Files\Eclipse Adoptium\jdk-25.0.3.9-hotspot\bin\jimage.dll
0x00007ffd5ba40000 - 0x00007ffd5bc82000 	C:\WINDOWS\SYSTEM32\DBGHELP.DLL
0x00007ffd5fd20000 - 0x00007ffd600a3000 	C:\WINDOWS\System32\combase.dll
0x00007ffd61300000 - 0x00007ffd613d9000 	C:\WINDOWS\System32\OLEAUT32.dll
0x00007ffd332d0000 - 0x00007ffd3330b000 	C:\WINDOWS\SYSTEM32\dbgcore.DLL
0x00007ffd5e9e0000 - 0x00007ffd5ea88000 	C:\WINDOWS\System32\bcryptPrimitives.dll
0x00007ffd198e0000 - 0x00007ffd198fe000 	C:\Program Files\Eclipse Adoptium\jdk-25.0.3.9-hotspot\bin\java.dll
0x00007ffd60880000 - 0x00007ffd60a17000 	C:\WINDOWS\System32\ole32.dll
0x00007ffd60ab0000 - 0x00007ffd6121e000 	C:\WINDOWS\System32\SHELL32.dll

JVMTI agents: none

dbghelp: loaded successfully - version: 4.0.5 - missing functions: none
symbol engine: initialized successfully - sym options: 0x614 - pdb path: .;C:\Program Files\Eclipse Adoptium\jdk-25.0.3.9-hotspot\bin;C:\WINDOWS\SYSTEM32;C:\WINDOWS\WinSxS\amd64_microsoft.windows.common-controls_6595b64144ccf1df_6.0.26100.8328_none_3e08182ce334b678;C:\Program Files\Eclipse Adoptium\jdk-25.0.3.9-hotspot\bin\server

VM Arguments:
jvm_args: -Dstderr.encoding=UTF-8 -Dstdout.encoding=UTF-8 -Dfile.encoding=UTF-8 -Duser.country=US -Duser.language=en -Duser.variant 
java_command: C:\Users\Louka\.gradle\caches\modules-2\files-2.1\net.neoforged\neoform-runtime\2.0.18\af5a11e64f209ac5909434ac2617b6af19a02a8d\neoform-runtime-2.0.18-all.jar --home-dir C:\Users\Louka\.gradle\caches\neoformruntime --work-dir C:\Users\Louka\Desktop\ĀĀĀĀĀ\Spectral\build\tmp\neoformruntime run --java-executable C:\Program Files\Eclipse Adoptium\jdk-25.0.3.9-hotspot\bin\java.exe --neoforge net.neoforged:neoforge:26.1.2.76:userdev --dist joined --write-result gameJar:C:\Users\Louka\Desktop\ĀĀĀĀĀ\Spectral\build\moddev\artifacts\minecraft-patched-26.1.2.76.jar --write-result gameSources:C:\Users\Louka\Desktop\ĀĀĀĀĀ\Spectral\build\moddev\artifacts\minecraft-patched-26.1.2.76-sources.jar --write-result gameJarWithSources:C:\Users\Louka\Desktop\ĀĀĀĀĀ\Spectral\build\moddev\artifacts\minecraft-patched-26.1.2.76-merged.jar --problems-report C:\Users\Louka\Desktop\ĀĀĀĀĀ\Spectral\build\tmp\createMinecraftArtifacts\nfrt-problem-report.json --artifact-manifest C:\Users\Louka\Desktop\ĀĀĀĀĀ\Spectral\build\tmp\createMinecraftArtifacts\nfrt_artifact_manifest.properties --warn-on-artifact-manifest-miss
java_class_path (initial): C:\Users\Louka\.gradle\caches\modules-2\files-2.1\net.neoforged\neoform-runtime\2.0.18\af5a11e64f209ac5909434ac2617b6af19a02a8d\neoform-runtime-2.0.18-all.jar
Launcher Type: SUN_STANDARD

[Global flags]
     intx CICompilerCount                          = 4                                         {product} {ergonomic}
     uint ConcGCThreads                            = 3                                         {product} {ergonomic}
     uint G1ConcRefinementThreads                  = 10                                        {product} {ergonomic}
   size_t G1HeapRegionSize                         = 4194304                                   {product} {ergonomic}
   size_t InitialHeapSize                          = 536870912                                 {product} {ergonomic}
   size_t MarkStackSize                            = 4194304                                   {product} {ergonomic}
   size_t MarkStackSizeMax                         = 536870912                                 {product} {ergonomic}
   size_t MaxHeapSize                              = 8568963072                                {product} {ergonomic}
   size_t MinHeapDeltaBytes                        = 4194304                                   {product} {ergonomic}
   size_t MinHeapSize                              = 8388608                                   {product} {ergonomic}
    uintx NonNMethodCodeHeapSize                   = 5898240                                {pd product} {ergonomic}
    uintx NonProfiledCodeHeapSize                  = 122945536                              {pd product} {ergonomic}
    uintx ProfiledCodeHeapSize                     = 122945536                              {pd product} {ergonomic}
    uintx ReservedCodeCacheSize                    = 251789312                              {pd product} {ergonomic}
     bool SegmentedCodeCache                       = true                                      {product} {ergonomic}
   size_t SoftMaxHeapSize                          = 8568963072                             {manageable} {ergonomic}
     bool UseCompressedOops                        = true                           {product lp64_product} {ergonomic}
     bool UseG1GC                                  = true                                      {product} {ergonomic}
     bool UseLargePagesIndividualAllocation        = false                                  {pd product} {ergonomic}

Logging:
Log output configuration:
 #0: stdout all=warning uptime,level,tags foldmultilines=false
 #1: stderr all=off uptime,level,tags foldmultilines=false

Release file:
<release file has not been read>
Environment Variables:
JAVA_HOME=C:\Program Files\Eclipse Adoptium\jdk-25.0.3.9-hotspot\
PATH=C:\Users\Louka\bin;C:\Program Files\Git\mingw64\bin;C:\Program Files\Git\usr\local\bin;C:\Program Files\Git\usr\bin;C:\Program Files\Git\usr\bin;C:\Program Files\Git\mingw64\bin;C:\Program Files\Git\usr\bin;C:\Users\Louka\bin;C:\Program Files\Eclipse Adoptium\jdk-25.0.3.9-hotspot\bin;C:\Program Files\NVIDIA GPU Computing Toolkit\CUDA\v13.1\bin\x64;C:\Program Files\NVIDIA GPU Computing Toolkit\CUDA\v13.1\bin;D:\Users\Louka\AppData\Local\Programs\cursor\resources\app\bin;E:\Oculus\Support\oculus-runtime;C:\WINDOWS\system32;C:\WINDOWS;C:\WINDOWS\System32\Wbem;C:\WINDOWS\System32\WindowsPowerShell\v1.0;C:\WINDOWS\System32\OpenSSH;C:\Program Files (x86)\NVIDIA Corporation\PhysX\Common;C:\Program Files\Git\cmd;C:\Program Files\dotnet;C:\Program Files\nodejs;C:\Program Files (x86)\PuTTY;C:\Users\Louka\AppData\Local\Programs\Python\Python313\Scripts;C:\Users\Louka\AppData\Local\Programs\Python\Python313;C:\Users\Louka\AppData\Local\Microsoft\WindowsApps;C:\Users\Louka\AppData\Local\JetBrains\Toolbox\scripts;C:\Program Files (x86)\Nmap;C:\Users\Louka\.dotnet\tools;C:\Users\Louka\AppData\Roaming\npm;C:\Users\Louka\AppData\Local\spicetify;C:\Users\Louka\AppData\Local\Muse Hub\lib;D:\Users\Louka\AppData\Local\Programs\cursor\resources\app\bin;D:\Users\Louka\AppData\Local\Programs\cursor\resources\app\bin;C:\Program Files\NVIDIA Corporation\NVIDIA App\NvDLISR;C:\Program Files\NVIDIA Corporation\Nsight Compute 2025.4.0;C:\Program Files\MiKTeX\miktex\bin\x64;C:\Users\Louka\AppData\Local\Microsoft\WinGet\Packages\Gyan.FFmpeg_Microsoft.Winget.Source_8wekyb3d8bbwe\ffmpeg-8.0.1-full_build\bin;C:\Program Files (x86)\Windows Kits\10\Windows Performance Toolkit;C:\Program Files\CMake\bin;C:\Users\Louka\.cargo\bin;D:\Users\Louka\AppData\Local\Programs\cursor\resources\app\bin;E:\Oculus\Support\oculus-runtime;C:\Program Files\Common Files\Oracle\Java\javapath;C:\WINDOWS\system32;C:\WINDOWS;C:\WINDOWS\System32\Wbem;C:\WINDOWS\System32\WindowsPowerShell\v1.0;C:\WINDOWS\System32\OpenSSH;C:\Program Files (x86)\NVIDIA Corporation\PhysX\Common;C:\Program Files\Git\cmd;C:\Program Files\dotnet;C:\Program Files (x86)\Windows Kits\10\Windows Performance Toolkit;C:\Program Files\nodejs;C:\Program Files (x86)\PuTTY;C:\Users\Louka\AppData\Local\Microsoft\WindowsApps;C:\Users\Louka\AppData\Local\JetBrains\Toolbox\scripts;C:\Program Files (x86)\Nmap;C:\Users\Louka\.dotnet\tools;C:\Users\Louka\AppData\Roaming\npm;C:\Users\Louka\AppData\Local\spicetify;C:\Users\Louka\AppData\Local\Muse Hub\lib;D:\Users\Louka\AppData\Local\Programs\cursor\resources\app\bin;D:\Users\Louka\AppData\Local\Programs\cursor\resources\app\bin;C:\Program Files\NVIDIA Corporation\NVIDIA App\NvDLISR;D:\Users\Louka\AppData\Local\Programs\cursor\resources\app\bin;E:\Oculus\Support\oculus-runtime;C:\Program Files\Common Files\Oracle\Java\javapath;C:\WINDOWS\system32;C:\WINDOWS;C:\WINDOWS\System32\Wbem;C:\WINDOWS\System32\WindowsPowerShell\v1.0;C:\WINDOWS\System32\OpenSSH;C:\Program Files (x86)\NVIDIA Corporation\PhysX\Common;C:\Program Files\Git\cmd;C:\Program Files\dotnet;C:\Program Files (x86)\Windows Kits\10\Windows Performance Toolkit;C:\Program Files\nodejs;C:\Program Files (x86)\PuTTY;C:\Users\Louka\AppData\Local\Programs\Python\Python313\Scripts;C:\Users\Louka\AppData\Local\Programs\Python\Python313;C:\Users\Louka\AppData\Local\Microsoft\WindowsApps;C:\Users\Louka\AppData\Local\JetBrains\Toolbox\scripts;C:\Program Files (x86)\Nmap;C:\Users\Louka\.dotnet\tools;C:\Users\Louka\AppData\Roaming\npm;C:\Users\Louka\AppData\Local\spicetify;C:\Users\Louka\AppData\Local\Muse Hub\lib;D:\Users\Louka\AppData\Local\Programs\cursor\resources\app\bin;D:\Users\Louka\AppData\Local\Programs\cursor\resources\app\bin;C:\Program Files\NVIDIA Corporation\NVIDIA App\NvDLISR;D:\Users\Louka\AppData\Local\Programs\cursor\resources\app\bin;E:\Oculus\Support\oculus-runtime;C:\Program Files\Common Files\Oracle\Java\javapath;C:\WINDOWS\system32;C:\WINDOWS;C:\WINDOWS\System32\Wbem;C:\WINDOWS\System32\WindowsPowerShell\v1.0;C:\WINDOWS\System32\OpenSSH;C:\Program Files (x86)\NVIDIA Corporation\PhysX\Common;C:\Program Files\Git\cmd;C:\Program Files\dotnet;C:\Program Files (x86)\Windows Kits\10\Windows Performance Toolkit;C:\Program Files\nodejs;C:\Program Files (x86)\PuTTY;C:\Users\Louka\AppData\Local\Programs\Python\Python313\Scripts;C:\Users\Louka\AppData\Local\Programs\Python\Python313;C:\Users\Louka\AppData\Local\Microsoft\WindowsApps;C:\Users\Louka\AppData\Local\JetBrains\Toolbox\scripts;C:\Program Files (x86)\Nmap;C:\Users\Louka\.dotnet\tools;C:\Users\Louka\AppData\Roaming\npm;C:\Users\Louka\AppData\Local\spicetify;C:\Users\Louka\AppData\Local\Muse Hub\lib;D:\Users\Louka\AppData\Local\Programs\cursor\resources\app\bin;D:\Users\Louka\AppData\Local\Programs\cursor\resources\app;D:\Users\Louka\AppData\Local\Programs\cursor\resources\app\bin;D:\program files (x86)\ext\bin;C:\Program Files\MySQL\MySQL Server 8.4\bin;C:\Program Files\MySQL\MySQL Server 8.4\bin;C:\Users\Louka\.dotnet\tools;C:\Users\Louka\AppData\Local\GitHubDesktop\bin;C:\users\louka\.local\bin;C:\users\louka\appdata\roaming\python\python313\scripts;C:\Users\Louka\AppData\Local\Programs\Microsoft VS Code\bin;C:\Users\Louka\AppData\Local\Microsoft\WinGet\Links;C:\Users\Louka\AppData\Local\Python\bin;C:\Program Files\Git\usr\bin\vendor_perl;C:\Program Files\Git\usr\bin\core_perl
USERNAME=Louka
SHELL=C:\Program Files\Git\usr\bin\bash.exe
TERM=xterm-256color
OS=Windows_NT
PROCESSOR_IDENTIFIER=AMD64 Family 25 Model 33 Stepping 2, AuthenticAMD
TMP=C:\Users\Louka\AppData\Local\Temp
TEMP=C:\Users\Louka\AppData\Local\Temp




Compilation memory statistics disabled.

Periodic native trim disabled

---------------  S Y S T E M  ---------------

OS:
 Windows 11 , 64 bit Build 26100 (10.0.26100.8328)
OS uptime: 0 days 22:33 hours

CPU: total 12 (initial active 12) (12 cores per cpu, 2 threads per core) family 25 model 33 stepping 2 microcode 0xa201205, cx8, cmov, fxsr, ht, mmx, 3dnowpref, sse, sse2, sse3, ssse3, sse4a, sse4.1, sse4.2, popcnt, lzcnt, tsc, tscinvbit, avx, avx2, aes, erms, clmul, bmi1, bmi2, adx, sha, fma, vzeroupper, clflush, clflushopt, clwb, rdtscp, rdpid, fsrm, f16c, pku, cet_ss
Processor Information for the first 12 processors :
  Max Mhz: 3501, Current Mhz: 3501, Mhz Limit: 3501

Memory: 4k page, system-wide physical 32672M (4778M free)
TotalPageFile size 45626M (AvailPageFile size 142M)
current process WorkingSet (physical memory assigned to process): 15M, peak: 15M
current process commit charge ("private bytes"): 65M, peak: 577M

vm_info: OpenJDK 64-Bit Server VM (25.0.3+9-LTS) for windows-amd64 JRE (25.0.3+9-LTS), built on 2026-04-21T00:00:00Z with MS VC++ 17.12 (VS2022)

END.
