[22Jun2026 23:46:15.418] [main/INFO] [net.neoforged.fml.startup.Entrypoint/]: JVM Uptime at startup: 203ms
[22Jun2026 23:46:15.444] [main/INFO] [net.neoforged.fml.loading.FMLLoader/]: Starting FancyModLoader version 11.0.13 (CLIENT in DEV)
[22Jun2026 23:46:15.444] [main/INFO] [net.neoforged.fml.loading.FMLLoader/]: Game directory: C:\Users\Louka\Desktop\     \Spectral\run
[22Jun2026 23:46:15.545] [main/INFO] [net.neoforged.fml.loading.EarlyServiceDiscovery/]: Found 2 early service jars (out of 107) in 36ms
[22Jun2026 23:46:15.545] [main/INFO] [net.neoforged.fml.loading.FMLLoader/]: Loading FML Early Services:
[22Jun2026 23:46:15.546] [main/INFO] [net.neoforged.fml.loading.FMLLoader/]:  - D:/.gradle/caches/modules-2/files-2.1/net.neoforged.fancymodloader/loader/11.0.13/c9c89eaf35535990110088224d188748d81eaecf/loader-11.0.13.jar
[22Jun2026 23:46:15.547] [main/INFO] [net.neoforged.fml.loading.FMLLoader/]:  - D:/.gradle/caches/modules-2/files-2.1/net.neoforged.fancymodloader/earlydisplay/11.0.13/491a1bedecb33802fa118cae384b60f91f6f0241/earlydisplay-11.0.13.jar
[22Jun2026 23:46:15.553] [main/INFO] [net.neoforged.fml.loading.ImmediateWindowHandler/]: Loading ImmediateWindowProvider fmlearlywindow
[22Jun2026 23:46:16.673] [ForkJoinPool.commonPool-worker-5/INFO] [net.neoforged.fml.loading.moddiscovery.locators.GameLocator/]: Detected a joined NeoForge and Minecraft configuration. Applying filtering...
[22Jun2026 23:46:16.801] [ForkJoinPool.commonPool-worker-5/INFO] [net.neoforged.fml.loading.moddiscovery.locators.InDevFolderLocator/CORE]: Got mod coordinates spectral%%C:\Users\Louka\Desktop\     \Spectral\build\classes\java\main;spectral%%C:\Users\Louka\Desktop\     \Spectral\build\resources\main from env
[22Jun2026 23:46:16.855] [fml-loadingscreen/INFO] [net.neoforged.fml.earlydisplay.render.LoadingScreenRenderer/]: GL info: NVIDIA GeForce RTX 3060/PCIe/SSE2 GL version 3.3.0 NVIDIA 596.49, NVIDIA Corporation
[22Jun2026 23:46:17.014] [ForkJoinPool.commonPool-worker-5/INFO] [net.neoforged.fml.loading.moddiscovery.locators.JarInJarDependencyLocator/]: Found 2 dependencies adding them to mods collection
[22Jun2026 23:46:17.017] [ForkJoinPool.commonPool-worker-5/INFO] [net.neoforged.fml.loading.moddiscovery.ModDiscoverer/]: 
     Mod List:
		Name Version (Mod Id)

		Minecraft 26.1.2 (minecraft)
		NeoForge 26.1.2.76 (neoforge)
		Spectral 0.0NONE (spectral)
[22Jun2026 23:46:17.571] [main/INFO] [mixin/]: SpongePowered MIXIN Subsystem Version=0.8.7 Source=file:/D:/.gradle/caches/modules-2/files-2.1/net.fabricmc/sponge-mixin/0.17.3+mixin.0.8.7/41c4a3984a80f4679e759fb9f495587acc5cdac7/sponge-mixin-0.17.3+mixin.0.8.7.jar Service=FML Env=CLIENT
[22Jun2026 23:46:17.623] [main/INFO] [net.neoforged.fml.loading.FMLLoader/]: Loading FML Plugins:
[22Jun2026 23:46:17.625] [main/INFO] [net.neoforged.fml.loading.FMLLoader/]:  - D:/.gradle/caches/modules-2/files-2.1/net.neoforged/neoforge/26.1.2.76/59698648bc6caf1cc19ec4dca4441ff3436c0253/neoforge-26.1.2.76-universal.jar > net.neoforged.neoforge-coremods-26.1.2.76.jar
[22Jun2026 23:46:17.836] [main/INFO] [net.neoforged.fml.loading.FMLLoader/]: Building game content classloader:
 - minecraft (composite(filtered(jar(C:/Users/Louka/Desktop/     /Spectral/build/moddev/artifacts/minecraft-patched-26.1.2.76.jar)), filtered(jar(C:/Users/Louka/Desktop/     /Spectral/build/moddev/artifacts/minecraft-patched-26.1.2.76.jar))))
 - mixinextras.neoforge (jar(D:/.gradle/caches/modules-2/files-2.1/net.neoforged/neoforge/26.1.2.76/59698648bc6caf1cc19ec4dca4441ff3436c0253/neoforge-26.1.2.76-universal.jar > mixinextras-neoforge-0.5.4.jar))
 - neoforge (composite(filtered(jar(D:/.gradle/caches/modules-2/files-2.1/net.neoforged/neoforge/26.1.2.76/59698648bc6caf1cc19ec4dca4441ff3436c0253/neoforge-26.1.2.76-universal.jar))))
 - net.neoforged.fml.generated (empty(VirtualJar/net.neoforged.fml.generated))
 - spectral (composite(folder(C:/Users/Louka/Desktop/     /Spectral/build/classes/java/main), folder(C:/Users/Louka/Desktop/     /Spectral/build/resources/main)))
[22Jun2026 23:46:17.859] [main/INFO] [net.neoforged.fml.loading.FMLLoader/]: Built game content classloader in 35ms
[22Jun2026 23:46:19.959] [pool-8-thread-1/INFO] [MixinExtras|Service/]: Initializing MixinExtras via com.llamalad7.mixinextras.service.MixinExtrasServiceImpl(version=0.5.4).
[22Jun2026 23:46:20.007] [Datafixer Bootstrap/INFO] [com.mojang.datafixers.DataFixerBuilder/]: 294 Datafixer optimizations took 902 milliseconds
[22Jun2026 23:46:25.675] [main/WARN] [net.minecraft.commands.Commands/]: Ambiguity between arguments [teleport, location] and [teleport, destination] with inputs: [0.1 -0.5 .9, 0 0 0]
[22Jun2026 23:46:25.676] [main/WARN] [net.minecraft.commands.Commands/]: Ambiguity between arguments [teleport, location] and [teleport, targets] with inputs: [0.1 -0.5 .9, 0 0 0]
[22Jun2026 23:46:25.680] [main/WARN] [net.minecraft.commands.Commands/]: Ambiguity between arguments [teleport, destination] and [teleport, targets] with inputs: [Player, 0123, @e, dd12be42-52a9-4a91-a8a1-11c01849e498]
[22Jun2026 23:46:25.681] [main/WARN] [net.minecraft.commands.Commands/]: Ambiguity between arguments [teleport, targets] and [teleport, destination] with inputs: [Player, 0123, dd12be42-52a9-4a91-a8a1-11c01849e498]
[22Jun2026 23:46:25.683] [main/WARN] [net.minecraft.commands.Commands/]: Ambiguity between arguments [teleport, targets, location] and [teleport, targets, destination] with inputs: [0.1 -0.5 .9, 0 0 0]
[22Jun2026 23:46:25.684] [main/WARN] [net.minecraft.commands.Commands/]: Ambiguity between arguments [time, set, time] and [time, set, timemarker] with inputs: [0, 0s, 0d, 0t]
[22Jun2026 23:46:25.685] [main/WARN] [net.minecraft.commands.Commands/]: Ambiguity between arguments [time, set, timemarker] and [time, set, time] with inputs: [012]
[22Jun2026 23:46:25.687] [main/WARN] [net.minecraft.commands.Commands/]: Ambiguity between arguments [time, of, clock, set, time] and [time, of, clock, set, timemarker] with inputs: [0, 0s, 0d, 0t]
[22Jun2026 23:46:25.687] [main/WARN] [net.minecraft.commands.Commands/]: Ambiguity between arguments [time, of, clock, set, timemarker] and [time, of, clock, set, time] with inputs: [012]
[22Jun2026 23:46:25.690] [main/WARN] [net.minecraft.commands.Commands/]: Ambiguity between arguments [waypoint, modify, waypoint, color, reset] and [waypoint, modify, waypoint, color, color] with inputs: [reset]
[22Jun2026 23:46:25.770] [modloading-worker-0/INFO] [net.neoforged.neoforge.common.NeoForgeMod/NEOFORGE-MOD]: NeoForge mod loading, version 26.1.2.76, for MC 26.1.2
[22Jun2026 23:46:26.520] [Render thread/INFO] [com.mojang.authlib.yggdrasil.YggdrasilAuthenticationService/]: Environment: Environment[sessionHost=https://sessionserver.mojang.com, servicesHost=https://api.minecraftservices.com, profilesHost=https://api.mojang.com, name=PROD]
[22Jun2026 23:46:26.553] [Render thread/INFO] [net.minecraft.client.Minecraft/]: Setting user: Dev
[22Jun2026 23:46:26.670] [Render thread/INFO] [net.minecraft.client.Minecraft/]: Backend library: LWJGL version 3.4.1+2
[22Jun2026 23:46:26.888] [Render thread/INFO] [net.minecraft.client.Minecraft/]: Using optional rendering extensions: GL_ARB_buffer_storage, GL_KHR_debug, GL_ARB_vertex_attrib_binding, GL_ARB_direct_state_access, GL_EXT_texture_filter_anisotropic
[22Jun2026 23:46:27.718] [Render thread/INFO] [net.minecraft.server.packs.resources.ReloadableResourceManager/]: Reloading ResourceManager: vanilla, mod_resources, mod/spectral, mod/neoforge
[22Jun2026 23:46:28.504] [resourceLoad/INFO] [net.minecraft.client.gui.font.providers.UnihexProvider/]: Found unifont_pua-17.0.01.hex, loading
[22Jun2026 23:46:28.522] [resourceLoad/INFO] [net.minecraft.client.gui.font.providers.UnihexProvider/]: Found unifont_all_no_pua-17.0.01.hex, loading
[22Jun2026 23:46:28.736] [resourceLoad/INFO] [net.minecraft.client.gui.font.providers.UnihexProvider/]: Found unifont_jp_patch-17.0.01.hex, loading
[22Jun2026 23:46:30.182] [Render thread/WARN] [com.mojang.blaze3d.opengl.GlProgram/]: neoforge:pipeline/item_translucent_unlit shader program does not use sampler Sampler2 defined in the pipeline. This might be a bug.
[22Jun2026 23:46:30.196] [Render thread/WARN] [com.mojang.blaze3d.opengl.GlProgram/]: neoforge:pipeline/item_cutout_unlit shader program does not use sampler Sampler2 defined in the pipeline. This might be a bug.
[22Jun2026 23:46:30.278] [Render thread/INFO] [com.mojang.blaze3d.audio.Library/]: OpenAL initialized on device OpenAL Soft on esteban (Realtek(R) Audio)
[22Jun2026 23:46:30.282] [Render thread/INFO] [net.minecraft.client.sounds.SoundEngine/SOUNDS]: Sound engine started
[22Jun2026 23:46:30.282] [Render thread/INFO] [net.minecraft.client.renderer.texture.TextureAtlas/]: Created: 512x256x0 minecraft:textures/atlas/particles.png-atlas
[22Jun2026 23:46:30.305] [Render thread/INFO] [net.minecraft.client.renderer.texture.TextureAtlas/]: Created: 128x128x0 minecraft:textures/atlas/decorated_pot.png-atlas
[22Jun2026 23:46:30.309] [Render thread/INFO] [net.minecraft.client.renderer.texture.TextureAtlas/]: Created: 2048x1024x0 minecraft:textures/atlas/armor_trims.png-atlas
[22Jun2026 23:46:30.335] [Render thread/INFO] [net.minecraft.client.renderer.texture.TextureAtlas/]: Created: 512x256x0 minecraft:textures/atlas/paintings.png-atlas
[22Jun2026 23:46:30.352] [Render thread/INFO] [net.minecraft.client.renderer.texture.TextureAtlas/]: Created: 1024x512x0 minecraft:textures/atlas/shield_patterns.png-atlas
[22Jun2026 23:46:30.356] [Render thread/INFO] [net.minecraft.client.renderer.texture.TextureAtlas/]: Created: 2048x2048x4 minecraft:textures/atlas/blocks.png-atlas
[22Jun2026 23:46:30.485] [Render thread/INFO] [net.minecraft.client.renderer.texture.TextureAtlas/]: Created: 512x512x0 minecraft:textures/atlas/chest.png-atlas
[22Jun2026 23:46:30.498] [Render thread/INFO] [net.minecraft.client.renderer.texture.TextureAtlas/]: Created: 256x128x0 minecraft:textures/atlas/celestials.png-atlas
[22Jun2026 23:46:30.500] [Render thread/INFO] [net.minecraft.client.renderer.texture.TextureAtlas/]: Created: 1024x512x0 minecraft:textures/atlas/banner_patterns.png-atlas
[22Jun2026 23:46:30.502] [Render thread/INFO] [net.minecraft.client.renderer.texture.TextureAtlas/]: Created: 512x512x0 minecraft:textures/atlas/beds.png-atlas
[22Jun2026 23:46:30.509] [Render thread/INFO] [net.minecraft.client.renderer.texture.TextureAtlas/]: Created: 1024x512x0 minecraft:textures/atlas/items.png-atlas
[22Jun2026 23:46:30.531] [Render thread/INFO] [net.minecraft.client.renderer.texture.TextureAtlas/]: Created: 1024x1024x0 minecraft:textures/atlas/gui.png-atlas
[22Jun2026 23:46:30.559] [Render thread/INFO] [net.minecraft.client.renderer.texture.TextureAtlas/]: Created: 128x64x0 minecraft:textures/atlas/map_decorations.png-atlas
[22Jun2026 23:46:30.577] [Render thread/INFO] [net.minecraft.client.renderer.texture.TextureAtlas/]: Created: 512x256x0 minecraft:textures/atlas/signs.png-atlas
[22Jun2026 23:46:30.580] [Render thread/INFO] [net.minecraft.client.renderer.texture.TextureAtlas/]: Created: 512x512x0 minecraft:textures/atlas/shulker_boxes.png-atlas
[22Jun2026 23:46:30.780] [Render thread/INFO] [net.neoforged.neoforge.client.entity.animation.json.AnimationLoader/]: Loaded 0 entity animations
[22Jun2026 23:46:35.855] [Render thread/INFO] [net.minecraft.world.item.crafting.RecipeManager/]: Loaded 1520 recipes
[22Jun2026 23:46:35.869] [Render thread/INFO] [net.minecraft.advancements.AdvancementTree/]: Loaded 1617 advancements
[22Jun2026 23:46:35.872] [Render thread/INFO] [net.neoforged.neoforge.common.crafting.RecipePriorityManager/]: Loaded 0 recipe priority overrides
[22Jun2026 23:46:36.047] [Server thread/INFO] [net.minecraft.client.server.IntegratedServer/]: Starting integrated minecraft server version 26.1.2
[22Jun2026 23:46:36.047] [Server thread/INFO] [net.minecraft.server.MinecraftServer/]: Generating keypair
[22Jun2026 23:46:36.442] [Server thread/INFO] [net.minecraft.server.level.progress.LoggingLevelLoadListener/]: Loading 0 persistent chunks...
[22Jun2026 23:46:36.443] [Server thread/INFO] [net.minecraft.server.level.progress.LoggingLevelLoadListener/]: Preparing spawn area: 16%
[22Jun2026 23:46:36.454] [Server thread/INFO] [net.minecraft.server.MinecraftServer/]: Saving chunks for level 'ServerLevel[New World]'/minecraft:overworld
[22Jun2026 23:46:36.475] [Server thread/INFO] [net.minecraft.server.MinecraftServer/]: Saving chunks for level 'ServerLevel[New World]'/minecraft:the_end
[22Jun2026 23:46:36.483] [Server thread/INFO] [net.minecraft.server.MinecraftServer/]: Saving chunks for level 'ServerLevel[New World]'/minecraft:the_nether
[22Jun2026 23:46:36.508] [Server thread/INFO] [net.minecraft.server.MinecraftServer/]: ThreadedAnvilChunkStorage (world): All chunks are saved
[22Jun2026 23:46:36.509] [Server thread/INFO] [net.minecraft.server.MinecraftServer/]: ThreadedAnvilChunkStorage (DIM1): All chunks are saved
[22Jun2026 23:46:36.509] [Server thread/INFO] [net.minecraft.server.MinecraftServer/]: ThreadedAnvilChunkStorage (DIM-1): All chunks are saved
[22Jun2026 23:46:36.509] [Server thread/INFO] [net.minecraft.server.MinecraftServer/]: ThreadedAnvilChunkStorage: All dimensions are saved
[22Jun2026 23:46:36.514] [Server thread/INFO] [net.neoforged.neoforge.server.permission.PermissionAPI/]: Successfully initialized permission handler neoforge:default_handler
[22Jun2026 23:46:37.201] [Server thread/INFO] [net.minecraft.server.level.progress.LoggingLevelLoadListener/]: Loading 49 chunks for player spawn...
[22Jun2026 23:46:37.201] [Server thread/INFO] [net.minecraft.server.level.progress.LoggingLevelLoadListener/]: Preparing spawn area: 16%
[22Jun2026 23:46:37.367] [Server thread/INFO] [net.minecraft.server.level.progress.LoggingLevelLoadListener/]: Time elapsed: 925 ms
[22Jun2026 23:46:37.740] [Server thread/INFO] [net.minecraft.server.players.PlayerList/]: Dev[local:E:221c96b3] logged in with entity id 1 at (-12.335504745717886, 56.0, 11.057660963105265)
[22Jun2026 23:46:37.796] [Server thread/INFO] [net.minecraft.server.MinecraftServer/]: Dev joined the game
[22Jun2026 23:46:37.918] [Server thread/INFO] [net.minecraft.client.server.IntegratedServer/]: Changing view distance to 12, from 10
[22Jun2026 23:46:37.921] [Server thread/INFO] [net.minecraft.client.server.IntegratedServer/]: Changing simulation distance to 12, from 0
[22Jun2026 23:46:37.926] [Render thread/WARN] [net.minecraft.client.multiplayer.ClientPacketListener/]: Ignoring chat session from Dev due to missing Services public key
[22Jun2026 23:46:37.928] [Render thread/INFO] [net.minecraft.advancements.AdvancementTree/]: Loaded 16 advancements
[22Jun2026 23:46:38.025] [Render thread/INFO] [net.minecraft.client.renderer.DynamicUniformStorage/]: Resizing Dynamic Transforms UBO, capacity limit of 2 reached during a single frame. New capacity will be 4.
[22Jun2026 23:46:38.101] [Render thread/INFO] [net.minecraft.client.renderer.DynamicUniformStorage/]: Resizing Dynamic Transforms UBO, capacity limit of 4 reached during a single frame. New capacity will be 8.
[22Jun2026 23:46:38.262] [Render thread/INFO] [net.minecraft.client.renderer.DynamicUniformStorage/]: Resizing Dynamic Transforms UBO, capacity limit of 8 reached during a single frame. New capacity will be 16.
[22Jun2026 23:46:38.294] [Render thread/INFO] [net.minecraft.client.renderer.DynamicUniformStorage/]: Resizing Chunk Sections UBO, capacity limit of 2 reached during a single frame. New capacity will be 4.
[22Jun2026 23:46:38.346] [Render thread/INFO] [net.minecraft.client.renderer.DynamicUniformStorage/]: Resizing Chunk Sections UBO, capacity limit of 4 reached during a single frame. New capacity will be 8.
[22Jun2026 23:46:38.412] [Render thread/INFO] [net.minecraft.client.renderer.DynamicUniformStorage/]: Resizing Chunk Sections UBO, capacity limit of 8 reached during a single frame. New capacity will be 16.
[22Jun2026 23:46:38.417] [Server thread/INFO] [net.minecraft.client.server.IntegratedServer/]: Saving and pausing game...
[22Jun2026 23:46:38.438] [Server thread/INFO] [net.minecraft.server.MinecraftServer/]: Saving chunks for level 'ServerLevel[New World]'/minecraft:overworld
[22Jun2026 23:46:38.443] [Server thread/INFO] [net.minecraft.server.MinecraftServer/]: Saving chunks for level 'ServerLevel[New World]'/minecraft:the_end
[22Jun2026 23:46:38.444] [Server thread/INFO] [net.minecraft.server.MinecraftServer/]: Saving chunks for level 'ServerLevel[New World]'/minecraft:the_nether
[22Jun2026 23:46:38.475] [Render thread/INFO] [net.minecraft.client.renderer.DynamicUniformStorage/]: Resizing Chunk Sections UBO, capacity limit of 16 reached during a single frame. New capacity will be 32.
[22Jun2026 23:46:38.605] [Render thread/INFO] [net.minecraft.client.renderer.DynamicUniformStorage/]: Resizing Chunk Sections UBO, capacity limit of 32 reached during a single frame. New capacity will be 64.
[22Jun2026 23:46:40.114] [Render thread/INFO] [net.minecraft.client.renderer.DynamicUniformStorage/]: Resizing Chunk Sections UBO, capacity limit of 64 reached during a single frame. New capacity will be 128.
[22Jun2026 23:46:40.253] [Render thread/INFO] [net.minecraft.client.renderer.DynamicUniformStorage/]: Resizing Chunk Sections UBO, capacity limit of 128 reached during a single frame. New capacity will be 256.
[22Jun2026 23:46:53.078] [Server thread/INFO] [net.minecraft.server.MinecraftServer/]: [Dev: Set minecraft:overworld to time marker minecraft:day]
[22Jun2026 23:46:53.086] [Render thread/INFO] [net.minecraft.client.gui.components.ChatComponent/]: [System] [CHAT] Set minecraft:overworld to time marker minecraft:day
