[23Jun2026 01:06:09.538] [main/INFO] [net.neoforged.fml.startup.Entrypoint/]: JVM Uptime at startup: 196ms
[23Jun2026 01:06:09.557] [main/INFO] [net.neoforged.fml.loading.FMLLoader/]: Starting FancyModLoader version 11.0.13 (CLIENT in DEV)
[23Jun2026 01:06:09.557] [main/INFO] [net.neoforged.fml.loading.FMLLoader/]: Game directory: C:\Users\Louka\Desktop\     \Spectral\run
[23Jun2026 01:06:09.633] [main/INFO] [net.neoforged.fml.loading.EarlyServiceDiscovery/]: Found 2 early service jars (out of 107) in 28ms
[23Jun2026 01:06:09.633] [main/INFO] [net.neoforged.fml.loading.FMLLoader/]: Loading FML Early Services:
[23Jun2026 01:06:09.634] [main/INFO] [net.neoforged.fml.loading.FMLLoader/]:  - D:/.gradle/caches/modules-2/files-2.1/net.neoforged.fancymodloader/loader/11.0.13/c9c89eaf35535990110088224d188748d81eaecf/loader-11.0.13.jar
[23Jun2026 01:06:09.634] [main/INFO] [net.neoforged.fml.loading.FMLLoader/]:  - D:/.gradle/caches/modules-2/files-2.1/net.neoforged.fancymodloader/earlydisplay/11.0.13/491a1bedecb33802fa118cae384b60f91f6f0241/earlydisplay-11.0.13.jar
[23Jun2026 01:06:09.641] [main/INFO] [net.neoforged.fml.loading.ImmediateWindowHandler/]: Loading ImmediateWindowProvider fmlearlywindow
[23Jun2026 01:06:10.696] [ForkJoinPool.commonPool-worker-5/INFO] [net.neoforged.fml.loading.moddiscovery.locators.GameLocator/]: Detected a joined NeoForge and Minecraft configuration. Applying filtering...
[23Jun2026 01:06:10.818] [ForkJoinPool.commonPool-worker-5/INFO] [net.neoforged.fml.loading.moddiscovery.locators.InDevFolderLocator/CORE]: Got mod coordinates spectral%%C:\Users\Louka\Desktop\     \Spectral\build\classes\java\main;spectral%%C:\Users\Louka\Desktop\     \Spectral\build\resources\main from env
[23Jun2026 01:06:10.875] [fml-loadingscreen/INFO] [net.neoforged.fml.earlydisplay.render.LoadingScreenRenderer/]: GL info: NVIDIA GeForce RTX 3060/PCIe/SSE2 GL version 3.3.0 NVIDIA 596.49, NVIDIA Corporation
[23Jun2026 01:06:11.006] [ForkJoinPool.commonPool-worker-5/INFO] [net.neoforged.fml.loading.moddiscovery.locators.JarInJarDependencyLocator/]: Found 2 dependencies adding them to mods collection
[23Jun2026 01:06:11.008] [ForkJoinPool.commonPool-worker-5/INFO] [net.neoforged.fml.loading.moddiscovery.ModDiscoverer/]: 
     Mod List:
		Name Version (Mod Id)

		Minecraft 26.1.2 (minecraft)
		NeoForge 26.1.2.76 (neoforge)
		Spectral 0.0NONE (spectral)
[23Jun2026 01:06:11.397] [main/INFO] [mixin/]: SpongePowered MIXIN Subsystem Version=0.8.7 Source=file:/D:/.gradle/caches/modules-2/files-2.1/net.fabricmc/sponge-mixin/0.17.3+mixin.0.8.7/41c4a3984a80f4679e759fb9f495587acc5cdac7/sponge-mixin-0.17.3+mixin.0.8.7.jar Service=FML Env=CLIENT
[23Jun2026 01:06:11.435] [main/INFO] [net.neoforged.fml.loading.FMLLoader/]: Loading FML Plugins:
[23Jun2026 01:06:11.437] [main/INFO] [net.neoforged.fml.loading.FMLLoader/]:  - D:/.gradle/caches/modules-2/files-2.1/net.neoforged/neoforge/26.1.2.76/59698648bc6caf1cc19ec4dca4441ff3436c0253/neoforge-26.1.2.76-universal.jar > net.neoforged.neoforge-coremods-26.1.2.76.jar
[23Jun2026 01:06:11.575] [main/INFO] [net.neoforged.fml.loading.FMLLoader/]: Building game content classloader:
 - minecraft (composite(filtered(jar(C:/Users/Louka/Desktop/     /Spectral/build/moddev/artifacts/minecraft-patched-26.1.2.76.jar)), filtered(jar(C:/Users/Louka/Desktop/     /Spectral/build/moddev/artifacts/minecraft-patched-26.1.2.76.jar))))
 - mixinextras.neoforge (jar(D:/.gradle/caches/modules-2/files-2.1/net.neoforged/neoforge/26.1.2.76/59698648bc6caf1cc19ec4dca4441ff3436c0253/neoforge-26.1.2.76-universal.jar > mixinextras-neoforge-0.5.4.jar))
 - neoforge (composite(filtered(jar(D:/.gradle/caches/modules-2/files-2.1/net.neoforged/neoforge/26.1.2.76/59698648bc6caf1cc19ec4dca4441ff3436c0253/neoforge-26.1.2.76-universal.jar))))
 - net.neoforged.fml.generated (empty(VirtualJar/net.neoforged.fml.generated))
 - spectral (composite(folder(C:/Users/Louka/Desktop/     /Spectral/build/classes/java/main), folder(C:/Users/Louka/Desktop/     /Spectral/build/resources/main)))
[23Jun2026 01:06:11.591] [main/INFO] [net.neoforged.fml.loading.FMLLoader/]: Built game content classloader in 28ms
[23Jun2026 01:06:12.990] [Datafixer Bootstrap/INFO] [com.mojang.datafixers.DataFixerBuilder/]: 294 Datafixer optimizations took 314 milliseconds
[23Jun2026 01:06:13.068] [pool-8-thread-1/INFO] [MixinExtras|Service/]: Initializing MixinExtras via com.llamalad7.mixinextras.service.MixinExtrasServiceImpl(version=0.5.4).
[23Jun2026 01:06:17.888] [main/WARN] [net.minecraft.commands.Commands/]: Ambiguity between arguments [teleport, location] and [teleport, destination] with inputs: [0.1 -0.5 .9, 0 0 0]
[23Jun2026 01:06:17.890] [main/WARN] [net.minecraft.commands.Commands/]: Ambiguity between arguments [teleport, location] and [teleport, targets] with inputs: [0.1 -0.5 .9, 0 0 0]
[23Jun2026 01:06:17.893] [main/WARN] [net.minecraft.commands.Commands/]: Ambiguity between arguments [teleport, destination] and [teleport, targets] with inputs: [Player, 0123, @e, dd12be42-52a9-4a91-a8a1-11c01849e498]
[23Jun2026 01:06:17.895] [main/WARN] [net.minecraft.commands.Commands/]: Ambiguity between arguments [teleport, targets] and [teleport, destination] with inputs: [Player, 0123, dd12be42-52a9-4a91-a8a1-11c01849e498]
[23Jun2026 01:06:17.895] [main/WARN] [net.minecraft.commands.Commands/]: Ambiguity between arguments [teleport, targets, location] and [teleport, targets, destination] with inputs: [0.1 -0.5 .9, 0 0 0]
[23Jun2026 01:06:17.896] [main/WARN] [net.minecraft.commands.Commands/]: Ambiguity between arguments [time, set, time] and [time, set, timemarker] with inputs: [0, 0s, 0d, 0t]
[23Jun2026 01:06:17.898] [main/WARN] [net.minecraft.commands.Commands/]: Ambiguity between arguments [time, set, timemarker] and [time, set, time] with inputs: [012]
[23Jun2026 01:06:17.899] [main/WARN] [net.minecraft.commands.Commands/]: Ambiguity between arguments [time, of, clock, set, time] and [time, of, clock, set, timemarker] with inputs: [0, 0s, 0d, 0t]
[23Jun2026 01:06:17.900] [main/WARN] [net.minecraft.commands.Commands/]: Ambiguity between arguments [time, of, clock, set, timemarker] and [time, of, clock, set, time] with inputs: [012]
[23Jun2026 01:06:17.902] [main/WARN] [net.minecraft.commands.Commands/]: Ambiguity between arguments [waypoint, modify, waypoint, color, reset] and [waypoint, modify, waypoint, color, color] with inputs: [reset]
[23Jun2026 01:06:17.967] [modloading-worker-0/INFO] [net.neoforged.neoforge.common.NeoForgeMod/NEOFORGE-MOD]: NeoForge mod loading, version 26.1.2.76, for MC 26.1.2
[23Jun2026 01:06:18.523] [Render thread/INFO] [com.mojang.authlib.yggdrasil.YggdrasilAuthenticationService/]: Environment: Environment[sessionHost=https://sessionserver.mojang.com, servicesHost=https://api.minecraftservices.com, profilesHost=https://api.mojang.com, name=PROD]
[23Jun2026 01:06:18.544] [Render thread/INFO] [net.minecraft.client.Minecraft/]: Setting user: Dev
[23Jun2026 01:06:18.646] [Render thread/INFO] [net.minecraft.client.Minecraft/]: Backend library: LWJGL version 3.4.1+2
[23Jun2026 01:06:18.873] [Render thread/INFO] [net.minecraft.client.Minecraft/]: Using optional rendering extensions: GL_ARB_buffer_storage, GL_KHR_debug, GL_ARB_vertex_attrib_binding, GL_ARB_direct_state_access, GL_EXT_texture_filter_anisotropic
[23Jun2026 01:06:19.570] [Render thread/INFO] [net.minecraft.server.packs.resources.ReloadableResourceManager/]: Reloading ResourceManager: vanilla, mod_resources, mod/spectral, mod/neoforge
[23Jun2026 01:06:20.066] [resourceLoad/INFO] [net.minecraft.client.gui.font.providers.UnihexProvider/]: Found unifont_all_no_pua-17.0.01.hex, loading
[23Jun2026 01:06:20.066] [resourceLoad/INFO] [net.minecraft.client.gui.font.providers.UnihexProvider/]: Found unifont_pua-17.0.01.hex, loading
[23Jun2026 01:06:20.083] [resourceLoad/INFO] [net.minecraft.client.gui.font.providers.UnihexProvider/]: Found unifont_jp_patch-17.0.01.hex, loading
[23Jun2026 01:06:21.227] [Render thread/WARN] [com.mojang.blaze3d.opengl.GlProgram/]: neoforge:pipeline/item_translucent_unlit shader program does not use sampler Sampler2 defined in the pipeline. This might be a bug.
[23Jun2026 01:06:21.277] [Render thread/WARN] [com.mojang.blaze3d.opengl.GlProgram/]: neoforge:pipeline/item_cutout_unlit shader program does not use sampler Sampler2 defined in the pipeline. This might be a bug.
[23Jun2026 01:06:21.339] [Render thread/INFO] [com.mojang.blaze3d.audio.Library/]: OpenAL initialized on device OpenAL Soft on esteban (Realtek(R) Audio)
[23Jun2026 01:06:21.343] [Render thread/INFO] [net.minecraft.client.sounds.SoundEngine/SOUNDS]: Sound engine started
[23Jun2026 01:06:21.343] [Render thread/INFO] [net.minecraft.client.renderer.texture.TextureAtlas/]: Created: 512x256x0 minecraft:textures/atlas/particles.png-atlas
[23Jun2026 01:06:21.366] [Render thread/INFO] [net.minecraft.client.renderer.texture.TextureAtlas/]: Created: 128x128x0 minecraft:textures/atlas/decorated_pot.png-atlas
[23Jun2026 01:06:21.368] [Render thread/INFO] [net.minecraft.client.renderer.texture.TextureAtlas/]: Created: 2048x1024x0 minecraft:textures/atlas/armor_trims.png-atlas
[23Jun2026 01:06:21.411] [Render thread/INFO] [net.minecraft.client.renderer.texture.TextureAtlas/]: Created: 512x256x0 minecraft:textures/atlas/paintings.png-atlas
[23Jun2026 01:06:21.431] [Render thread/INFO] [net.minecraft.client.renderer.texture.TextureAtlas/]: Created: 1024x512x0 minecraft:textures/atlas/shield_patterns.png-atlas
[23Jun2026 01:06:21.434] [Render thread/INFO] [net.minecraft.client.renderer.texture.TextureAtlas/]: Created: 2048x2048x4 minecraft:textures/atlas/blocks.png-atlas
[23Jun2026 01:06:21.563] [Render thread/INFO] [net.minecraft.client.renderer.texture.TextureAtlas/]: Created: 512x512x0 minecraft:textures/atlas/chest.png-atlas
[23Jun2026 01:06:21.591] [Render thread/INFO] [net.minecraft.client.renderer.texture.TextureAtlas/]: Created: 256x128x0 minecraft:textures/atlas/celestials.png-atlas
[23Jun2026 01:06:21.594] [Render thread/INFO] [net.minecraft.client.renderer.texture.TextureAtlas/]: Created: 1024x512x0 minecraft:textures/atlas/banner_patterns.png-atlas
[23Jun2026 01:06:21.598] [Render thread/INFO] [net.minecraft.client.renderer.texture.TextureAtlas/]: Created: 512x512x0 minecraft:textures/atlas/beds.png-atlas
[23Jun2026 01:06:21.609] [Render thread/INFO] [net.minecraft.client.renderer.texture.TextureAtlas/]: Created: 1024x512x0 minecraft:textures/atlas/items.png-atlas
[23Jun2026 01:06:21.651] [Render thread/INFO] [net.minecraft.client.renderer.texture.TextureAtlas/]: Created: 1024x1024x0 minecraft:textures/atlas/gui.png-atlas
[23Jun2026 01:06:21.701] [Render thread/INFO] [net.minecraft.client.renderer.texture.TextureAtlas/]: Created: 128x64x0 minecraft:textures/atlas/map_decorations.png-atlas
[23Jun2026 01:06:21.722] [Render thread/INFO] [net.minecraft.client.renderer.texture.TextureAtlas/]: Created: 512x256x0 minecraft:textures/atlas/signs.png-atlas
[23Jun2026 01:06:21.724] [Render thread/INFO] [net.minecraft.client.renderer.texture.TextureAtlas/]: Created: 512x512x0 minecraft:textures/atlas/shulker_boxes.png-atlas
[23Jun2026 01:06:21.821] [Render thread/INFO] [net.neoforged.neoforge.client.entity.animation.json.AnimationLoader/]: Loaded 0 entity animations
[23Jun2026 01:06:26.901] [Render thread/INFO] [net.minecraft.world.item.crafting.RecipeManager/]: Loaded 1521 recipes
[23Jun2026 01:06:26.910] [Render thread/INFO] [net.minecraft.advancements.AdvancementTree/]: Loaded 1617 advancements
[23Jun2026 01:06:26.911] [Render thread/INFO] [net.neoforged.neoforge.common.crafting.RecipePriorityManager/]: Loaded 0 recipe priority overrides
[23Jun2026 01:06:27.040] [Server thread/INFO] [net.minecraft.client.server.IntegratedServer/]: Starting integrated minecraft server version 26.1.2
[23Jun2026 01:06:27.041] [Server thread/INFO] [net.minecraft.server.MinecraftServer/]: Generating keypair
[23Jun2026 01:06:27.309] [Server thread/INFO] [net.minecraft.server.level.progress.LoggingLevelLoadListener/]: Loading 0 persistent chunks...
[23Jun2026 01:06:27.309] [Server thread/INFO] [net.minecraft.server.level.progress.LoggingLevelLoadListener/]: Preparing spawn area: 16%
[23Jun2026 01:06:27.320] [Server thread/INFO] [net.minecraft.server.MinecraftServer/]: Saving chunks for level 'ServerLevel[New World]'/minecraft:overworld
[23Jun2026 01:06:27.336] [Server thread/INFO] [net.minecraft.server.MinecraftServer/]: Saving chunks for level 'ServerLevel[New World]'/minecraft:the_end
[23Jun2026 01:06:27.344] [Server thread/INFO] [net.minecraft.server.MinecraftServer/]: Saving chunks for level 'ServerLevel[New World]'/minecraft:the_nether
[23Jun2026 01:06:27.360] [Server thread/INFO] [net.minecraft.server.MinecraftServer/]: ThreadedAnvilChunkStorage (world): All chunks are saved
[23Jun2026 01:06:27.360] [Server thread/INFO] [net.minecraft.server.MinecraftServer/]: ThreadedAnvilChunkStorage (DIM1): All chunks are saved
[23Jun2026 01:06:27.360] [Server thread/INFO] [net.minecraft.server.MinecraftServer/]: ThreadedAnvilChunkStorage (DIM-1): All chunks are saved
[23Jun2026 01:06:27.360] [Server thread/INFO] [net.minecraft.server.MinecraftServer/]: ThreadedAnvilChunkStorage: All dimensions are saved
[23Jun2026 01:06:27.364] [Server thread/INFO] [net.neoforged.neoforge.server.permission.PermissionAPI/]: Successfully initialized permission handler neoforge:default_handler
[23Jun2026 01:06:27.737] [Server thread/INFO] [net.minecraft.server.level.progress.LoggingLevelLoadListener/]: Loading 49 chunks for player spawn...
[23Jun2026 01:06:27.815] [Server thread/INFO] [net.minecraft.server.level.progress.LoggingLevelLoadListener/]: Preparing spawn area: 16%
[23Jun2026 01:06:27.915] [Server thread/INFO] [net.minecraft.server.level.progress.LoggingLevelLoadListener/]: Time elapsed: 606 ms
[23Jun2026 01:06:28.164] [Server thread/INFO] [net.minecraft.server.players.PlayerList/]: Dev[local:E:698d743a] logged in with entity id 1 at (-7.495389514152998, 59.282718544386015, 7.338606065292558)
[23Jun2026 01:06:28.211] [Server thread/INFO] [net.minecraft.server.MinecraftServer/]: Dev joined the game
[23Jun2026 01:06:28.314] [Server thread/INFO] [net.minecraft.client.server.IntegratedServer/]: Changing view distance to 12, from 10
[23Jun2026 01:06:28.317] [Server thread/INFO] [net.minecraft.client.server.IntegratedServer/]: Changing simulation distance to 12, from 0
[23Jun2026 01:06:28.323] [Render thread/WARN] [net.minecraft.client.multiplayer.ClientPacketListener/]: Ignoring chat session from Dev due to missing Services public key
[23Jun2026 01:06:28.324] [Render thread/INFO] [net.minecraft.advancements.AdvancementTree/]: Loaded 35 advancements
[23Jun2026 01:06:28.396] [Render thread/INFO] [net.minecraft.client.renderer.DynamicUniformStorage/]: Resizing Dynamic Transforms UBO, capacity limit of 2 reached during a single frame. New capacity will be 4.
[23Jun2026 01:06:28.495] [Render thread/INFO] [net.minecraft.client.renderer.DynamicUniformStorage/]: Resizing Dynamic Transforms UBO, capacity limit of 4 reached during a single frame. New capacity will be 8.
[23Jun2026 01:06:28.555] [Render thread/INFO] [net.minecraft.client.renderer.DynamicUniformStorage/]: Resizing Chunk Sections UBO, capacity limit of 2 reached during a single frame. New capacity will be 4.
[23Jun2026 01:06:28.589] [Render thread/INFO] [net.minecraft.client.renderer.DynamicUniformStorage/]: Resizing Chunk Sections UBO, capacity limit of 4 reached during a single frame. New capacity will be 8.
[23Jun2026 01:06:28.654] [Render thread/INFO] [net.minecraft.client.renderer.DynamicUniformStorage/]: Resizing Chunk Sections UBO, capacity limit of 8 reached during a single frame. New capacity will be 16.
[23Jun2026 01:06:28.708] [Render thread/INFO] [net.minecraft.client.renderer.DynamicUniformStorage/]: Resizing Chunk Sections UBO, capacity limit of 16 reached during a single frame. New capacity will be 32.
[23Jun2026 01:06:28.852] [Render thread/INFO] [net.minecraft.client.renderer.DynamicUniformStorage/]: Resizing Chunk Sections UBO, capacity limit of 32 reached during a single frame. New capacity will be 64.
[23Jun2026 01:06:28.965] [Render thread/INFO] [net.minecraft.client.renderer.DynamicUniformStorage/]: Resizing Chunk Sections UBO, capacity limit of 64 reached during a single frame. New capacity will be 128.
[23Jun2026 01:06:29.090] [Render thread/INFO] [net.minecraft.client.renderer.DynamicUniformStorage/]: Resizing Chunk Sections UBO, capacity limit of 128 reached during a single frame. New capacity will be 256.
[23Jun2026 01:06:31.652] [Render thread/INFO] [net.minecraft.client.renderer.DynamicUniformStorage/]: Resizing Dynamic Transforms UBO, capacity limit of 8 reached during a single frame. New capacity will be 16.
[23Jun2026 01:06:58.924] [Render thread/INFO] [net.minecraft.advancements.AdvancementTree/]: Loaded 38 advancements
[23Jun2026 01:07:09.021] [Server thread/INFO] [net.minecraft.server.MinecraftServer/]: [Dev: Set own game mode to Survival Mode]
[23Jun2026 01:07:09.029] [Render thread/INFO] [net.minecraft.client.gui.components.ChatComponent/]: [System] [CHAT] Set own game mode to Survival Mode
[23Jun2026 01:07:14.165] [Server thread/INFO] [net.minecraft.client.server.IntegratedServer/]: Saving and pausing game...
[23Jun2026 01:07:14.179] [Server thread/INFO] [net.minecraft.server.MinecraftServer/]: Saving chunks for level 'ServerLevel[New World]'/minecraft:overworld
[23Jun2026 01:07:14.186] [Server thread/INFO] [net.minecraft.server.MinecraftServer/]: Saving chunks for level 'ServerLevel[New World]'/minecraft:the_end
[23Jun2026 01:07:14.187] [Server thread/INFO] [net.minecraft.server.MinecraftServer/]: Saving chunks for level 'ServerLevel[New World]'/minecraft:the_nether
[23Jun2026 01:07:15.086] [Render thread/INFO] [net.minecraft.client.Minecraft/]: Stopping!
[23Jun2026 01:07:15.115] [Server thread/INFO] [net.minecraft.server.MinecraftServer/]: Stopping server
[23Jun2026 01:07:15.115] [Server thread/INFO] [net.minecraft.server.MinecraftServer/]: Saving players
[23Jun2026 01:07:15.125] [Server thread/INFO] [net.minecraft.server.network.ServerGamePacketListenerImpl/]: Dev lost connection: Disconnected
[23Jun2026 01:07:15.126] [Server thread/INFO] [net.minecraft.server.MinecraftServer/]: Dev left the game
[23Jun2026 01:07:15.137] [Server thread/INFO] [net.minecraft.server.network.ServerCommonPacketListenerImpl/]: Stopping singleplayer server as player logged out
[23Jun2026 01:07:15.138] [Server thread/INFO] [net.minecraft.server.MinecraftServer/]: Saving worlds
[23Jun2026 01:07:15.233] [Server thread/INFO] [net.minecraft.server.MinecraftServer/]: Saving chunks for level 'ServerLevel[New World]'/minecraft:overworld
[23Jun2026 01:07:15.246] [Server thread/INFO] [net.minecraft.server.MinecraftServer/]: Saving chunks for level 'ServerLevel[New World]'/minecraft:the_end
[23Jun2026 01:07:15.253] [Server thread/INFO] [net.minecraft.server.MinecraftServer/]: Saving chunks for level 'ServerLevel[New World]'/minecraft:the_nether
[23Jun2026 01:07:15.263] [Server thread/INFO] [net.minecraft.server.MinecraftServer/]: ThreadedAnvilChunkStorage (world): All chunks are saved
[23Jun2026 01:07:15.264] [Server thread/INFO] [net.minecraft.server.MinecraftServer/]: ThreadedAnvilChunkStorage (DIM1): All chunks are saved
[23Jun2026 01:07:15.264] [Server thread/INFO] [net.minecraft.server.MinecraftServer/]: ThreadedAnvilChunkStorage (DIM-1): All chunks are saved
[23Jun2026 01:07:15.264] [Server thread/INFO] [net.minecraft.server.MinecraftServer/]: ThreadedAnvilChunkStorage: All dimensions are saved
